
Showing logs for build [32mcb-kubecd-environment-pr-1302-4-299rt-1[0m stage [32mfrom-build-pack[0m and container [32mstep-credential-initializer-wjbwz[0m
{"level":"warn","ts":1585045656.4622426,"logger":"fallback-logger","caller":"logging/config.go:69","msg":"Fetch GitHub commit ID from kodata failed: \"ref: refs/heads/0.8.0-**-support-backwards-incompats\" is not a valid GitHub commit ID"}
{"level":"info","ts":1585045656.4627237,"logger":"fallback-logger","caller":"creds-init/main.go:40","msg":"Credentials initialized."}

Showing logs for build [32mcb-kubecd-environment-pr-1302-4-299rt-1[0m stage [32mfrom-build-pack[0m and container [32mstep-working-dir-initializer-kpsgj[0m
{"level":"warn","ts":1585045657.4970508,"logger":"fallback-logger","caller":"logging/config.go:69","msg":"Fetch GitHub commit ID from kodata failed: open /var/run/ko/HEAD: no such file or directory"}
{"level":"info","ts":1585045657.4989877,"logger":"fallback-logger","caller":"bash/main.go:64","msg":"Successfully executed command \"sh -c mkdir -p /workspace/source\"; output "}

Showing logs for build [32mcb-kubecd-environment-pr-1302-4-299rt-1[0m stage [32mfrom-build-pack[0m and container [32mstep-place-tools[0m

Showing logs for build [32mcb-kubecd-environment-pr-1302-4-299rt-1[0m stage [32mfrom-build-pack[0m and container [32mstep-git-source-cb-kubecd-environment-pr-1302-4-299rt-bl2mc[0m
{"level":"warn","ts":1585045662.7012792,"logger":"fallback-logger","caller":"logging/config.go:69","msg":"Fetch GitHub commit ID from kodata failed: \"ref: refs/heads/0.8.0-**-support-backwards-incompats\" is not a valid GitHub commit ID"}
{"level":"info","ts":1585045663.2980316,"logger":"fallback-logger","caller":"git/git.go:103","msg":"Successfully cloned https://github.com/cb-kubecd/environment-pr-1302-4-bdd-frontend-staging.git @ master in path /workspace/source"}

Showing logs for build [32mcb-kubecd-environment-pr-1302-4-299rt-1[0m stage [32mfrom-build-pack[0m and container [32mstep-git-merge[0m
Using SHAs from PULL_REFS=master:c0443bf214302dd7f989ce479cf2cd45f9402b60,1:f5e6da737fe863d7ef515db3844481ca4979ee88
DEBUG: LC_ALL=C JX_LOG_LEVEL=error git fetch origin --unshallow f5e6da737fe863d7ef515db3844481ca4979ee88: c0443bf214302dd7f989ce479cf2cd45f9402b60:
DEBUG: ran git fetch --unshallow origin f5e6da737fe863d7ef515db3844481ca4979ee88: c0443bf214302dd7f989ce479cf2cd45f9402b60: in 
DEBUG: LC_ALL=C JX_LOG_LEVEL=error git branch
DEBUG: LC_ALL=C JX_LOG_LEVEL=error git checkout master
DEBUG: ran git checkout master in 
DEBUG: LC_ALL=C JX_LOG_LEVEL=error git reset --hard c0443bf214302dd7f989ce479cf2cd45f9402b60
DEBUG: ran git reset --hard c0443bf214302dd7f989ce479cf2cd45f9402b60 in 
DEBUG: LC_ALL=C JX_LOG_LEVEL=error git clean -fd .
DEBUG: ran clean --force -d . in 
DEBUG: LC_ALL=C JX_LOG_LEVEL=error git merge f5e6da737fe863d7ef515db3844481ca4979ee88
DEBUG: ran git merge f5e6da737fe863d7ef515db3844481ca4979ee88 in 
DEBUG: LC_ALL=C JX_LOG_LEVEL=error git log --format=%H%x1f%an%x1f%ae%x1f%cn%x1f%ce%x1f%s%n%b%x1e c0443bf214302dd7f989ce479cf2cd45f9402b60..HEAD
Merged SHA f5e6da737fe863d7ef515db3844481ca4979ee88 with commit message 'chore: Promote bdd-nh-1585044731 to version 0.0.1' into base branch master

Showing logs for build [32mcb-kubecd-environment-pr-1302-4-299rt-1[0m stage [32mfrom-build-pack[0m and container [32mstep-build-helm-build[0m
WARNING: No $CHART_REPOSITORY defined so using the default value of: http://jenkins-x-chartmuseum:8080
Adding missing Helm repo: storage.googleapis.com https://storage.googleapis.com/chartmuseum.jenkins-x.io
WARNING: No secrets found on "helm/repos" due: reading the secret "helm/repos" from vault: no secret "helm/repos" not found in vault
Read credentials for https://storage.googleapis.com/chartmuseum.jenkins-x.io from vault helm/repos
Successfully added Helm repository storage.googleapis.com.
Adding missing Helm repo: jenkins-x-chartmuseum http://jenkins-x-chartmuseum:8080
WARNING: No secrets found on "helm/repos" due: reading the secret "helm/repos" from vault: no secret "helm/repos" not found in vault
Read credentials for http://jenkins-x-chartmuseum:8080 from vault helm/repos
Successfully added Helm repository jenkins-x-chartmuseum.
WARNING: No $CHART_REPOSITORY defined so using the default value of: http://jenkins-x-chartmuseum:8080
Adding missing Helm repo: chartmuseum.jenkins-x.io http://chartmuseum.jenkins-x.io
WARNING: No secrets found on "helm/repos" due: reading the secret "helm/repos" from vault: no secret "helm/repos" not found in vault
Read credentials for http://chartmuseum.jenkins-x.io from vault helm/repos
Successfully added Helm repository chartmuseum.jenkins-x.io.
